info it worked if it ends with ok
verbose cli [ 'node', '/usr/bin/npm', 'install', 'jsOAuth' ]
info using npm@1.0.23
info using node@v0.4.12
verbose /usr/bin/node node symlink
verbose config file /home/fede/.npmrc
verbose config file /usr/etc/npmrc
silly testEngine { name: 'jade',
silly testEngine   description: 'Jade template engine',
silly testEngine   version: '0.14.2',
silly testEngine   author: 
silly testEngine    { name: 'TJ Holowaychuk',
silly testEngine      email: 'tj@vision-media.ca' },
silly testEngine   repository: 
silly testEngine    { type: 'git',
silly testEngine      url: 'git://github.com/visionmedia/jade.git' },
silly testEngine   main: './index.js',
silly testEngine   bin: { jade: './bin/jade' },
silly testEngine   devDependencies: 
silly testEngine    { expresso: '0.6.4',
silly testEngine      'coffee-script': '>= 0.0.1',
silly testEngine      sass: '>= 0.0.1',
silly testEngine      less: '>= 0.0.1',
silly testEngine      markdown: '>= 0.0.1',
silly testEngine      stylus: '>= 0.0.1' },
silly testEngine   scripts: { prepublish: 'npm prune' },
silly testEngine   engines: { node: '>= 0.1.98' },
silly testEngine   _npmJsonOpts: 
silly testEngine    { file: '/home/fede/node_modules/jade/package.json',
silly testEngine      wscript: false,
silly testEngine      contributors: false,
silly testEngine      serverjs: false },
silly testEngine   _id: 'jade@0.14.2',
silly testEngine   dependencies: {},
silly testEngine   _engineSupported: true,
silly testEngine   _npmVersion: '1.0.23',
silly testEngine   _nodeVersion: 'v0.4.12',
silly testEngine   _defaultsLoaded: true }
verbose caching /home/fede/node_modules/jade/package.json
verbose loadDefaults jade@0.14.2
silly testEngine { name: 'jake',
silly testEngine   version: '0.1.19',
silly testEngine   author: 
silly testEngine    { name: 'Matthew Eernisse',
silly testEngine      email: 'mde@fleegix.org',
silly testEngine      url: 'http://fleegix.org' },
silly testEngine   bin: { jake: './bin/cli.js' },
silly testEngine   main: './lib',
silly testEngine   repository: { type: 'git', url: 'git://github.com/mde/jake.git' },
silly testEngine   preferGlobal: true,
silly testEngine   _npmJsonOpts: 
silly testEngine    { file: '/home/fede/node_modules/jake/package.json',
silly testEngine      wscript: false,
silly testEngine      contributors: false,
silly testEngine      serverjs: false },
silly testEngine   _id: 'jake@0.1.19',
silly testEngine   dependencies: {},
silly testEngine   devDependencies: {},
silly testEngine   engines: { node: '*' },
silly testEngine   _engineSupported: true,
silly testEngine   _npmVersion: '1.0.23',
silly testEngine   _nodeVersion: 'v0.4.12',
silly testEngine   _defaultsLoaded: true }
verbose caching /home/fede/node_modules/jake/package.json
verbose loadDefaults jake@0.1.19
silly testEngine { name: 'socket.io',
silly testEngine   version: '0.8.4',
silly testEngine   description: 'Real-time apps made cross-browser & easy with a WebSocket-like API',
silly testEngine   homepage: 'http://socket.io',
silly testEngine   keywords: 
silly testEngine    [ 'websocket',
silly testEngine      'socket',
silly testEngine      'realtime',
silly testEngine      'socket.io',
silly testEngine      'comet',
silly testEngine      'ajax' ],
silly testEngine   author: 
silly testEngine    { name: 'Guillermo Rauch',
silly testEngine      email: 'guillermo@learnboost.com' },
silly testEngine   contributors: 
silly testEngine    [ { name: 'Guillermo Rauch', email: 'rauchg@gmail.com' },
silly testEngine      { name: 'Arnout Kazemier',
silly testEngine        email: 'info@3rd-eden.com' },
silly testEngine      { name: 'Vladimir Dronnikov',
silly testEngine        email: 'dronnikov@gmail.com' },
silly testEngine      { name: 'Einar Otto Stangvik',
silly testEngine        email: 'einaros@gmail.com' } ],
silly testEngine   repository: 
silly testEngine    { type: 'git',
silly testEngine      url: 'git://github.com/LearnBoost/socket.io.git' },
silly testEngine   dependencies: 
silly testEngine    { 'socket.io-client': '0.8.4',
silly testEngine      policyfile: '0.0.4',
silly testEngine      redis: '0.6.6' },
silly testEngine   devDependencies: 
silly testEngine    { expresso: '0.7.7',
silly testEngine      should: '0.0.4',
silly testEngine      assertvanish: '0.0.3-1' },
silly testEngine   main: 'index',
silly testEngine   engines: { node: '>= 0.4.0' },
silly testEngine   _npmJsonOpts: 
silly testEngine    { file: '/home/fede/node_modules/socket.io/package.json',
silly testEngine      wscript: false,
silly testEngine      contributors: false,
silly testEngine      serverjs: false },
silly testEngine   _id: 'socket.io@0.8.4',
silly testEngine   _engineSupported: true,
silly testEngine   _npmVersion: '1.0.23',
silly testEngine   _nodeVersion: 'v0.4.12',
silly testEngine   _defaultsLoaded: true }
verbose caching /home/fede/node_modules/socket.io/package.json
verbose loadDefaults socket.io@0.8.4
silly testEngine { name: 'express',
silly testEngine   description: 'Sinatra inspired web development framework',
silly testEngine   version: '2.4.6',
silly testEngine   author: 
silly testEngine    { name: 'TJ Holowaychuk',
silly testEngine      email: 'tj@vision-media.ca' },
silly testEngine   contributors: 
silly testEngine    [ { name: 'TJ Holowaychuk',
silly testEngine        email: 'tj@vision-media.ca' },
silly testEngine      { name: 'Aaron Heckmann',
silly testEngine        email: 'aaron.heckmann+github@gmail.com' },
silly testEngine      { name: 'Ciaran Jessup', email: 'ciaranj@gmail.com' },
silly testEngine      { name: 'Guillermo Rauch', email: 'rauchg@gmail.com' } ],
silly testEngine   dependencies: 
silly testEngine    { connect: '>= 1.5.2 < 2.0.0',
silly testEngine      mime: '>= 0.0.1',
silly testEngine      qs: '>= 0.3.1' },
silly testEngine   devDependencies: 
silly testEngine    { 'connect-form': '0.2.1',
silly testEngine      ejs: '0.4.2',
silly testEngine      expresso: '0.7.2',
silly testEngine      hamljs: '0.5.1',
silly testEngine      jade: '0.11.0',
silly testEngine      stylus: '0.13.0',
silly testEngine      should: '0.2.1',
silly testEngine      'express-messages': '0.0.2',
silly testEngine      'node-markdown': '>= 0.0.1',
silly testEngine      'connect-redis': '>= 0.0.1' },
silly testEngine   keywords: [ 'framework', 'sinatra', 'web', 'rest', 'restful' ],
silly testEngine   repository: 
silly testEngine    { type: 'git',
silly testEngine      url: 'git://github.com/visionmedia/express.git' },
silly testEngine   main: 'index',
silly testEngine   bin: { express: './bin/express' },
silly testEngine   scripts: { test: 'make test', prepublish: 'npm prune' },
silly testEngine   engines: { node: '>= 0.4.1 < 0.5.0' },
silly testEngine   _npmJsonOpts: 
silly testEngine    { file: '/home/fede/node_modules/express/package.json',
silly testEngine      wscript: false,
silly testEngine      contributors: false,
silly testEngine      serverjs: false },
silly testEngine   _id: 'express@2.4.6',
silly testEngine   _engineSupported: true,
silly testEngine   _npmVersion: '1.0.23',
silly testEngine   _nodeVersion: 'v0.4.12',
silly testEngine   _defaultsLoaded: true }
verbose caching /home/fede/node_modules/express/package.json
verbose loadDefaults express@2.4.6
silly testEngine { name: 'pubsub.io',
silly testEngine   version: '0.1.9',
silly testEngine   description: 'Pubsub.io client library',
silly testEngine   contributors: 
silly testEngine    [ { name: 'Ian Jorgensen',
silly testEngine        email: 'jorgensen.ian@gmail.com' },
silly testEngine      { name: 'Mathias Buus',
silly testEngine        email: 'mathiasbuss@gmail.com' } ],
silly testEngine   main: './index.js',
silly testEngine   dependencies: { 'json-sockets': '>=0.1.0', common: '>=0.1.0' },
silly testEngine   _npmJsonOpts: 
silly testEngine    { file: '/home/fede/node_modules/pubsub.io/package.json',
silly testEngine      wscript: false,
silly testEngine      contributors: false,
silly testEngine      serverjs: false },
silly testEngine   _id: 'pubsub.io@0.1.9',
silly testEngine   devDependencies: {},
silly testEngine   engines: { node: '*' },
silly testEngine   _engineSupported: true,
silly testEngine   _npmVersion: '1.0.23',
silly testEngine   _nodeVersion: 'v0.4.12',
silly testEngine   _defaultsLoaded: true }
verbose caching /home/fede/node_modules/pubsub.io/package.json
verbose loadDefaults pubsub.io@0.1.9
silly testEngine { name: 'cradle',
silly testEngine   description: 'the high-level, caching, CouchDB library',
silly testEngine   url: 'http://cloudhead.io/cradle',
silly testEngine   keywords: [ 'couchdb', 'database', 'couch' ],
silly testEngine   author: 
silly testEngine    { name: 'Alexis Sellier',
silly testEngine      email: 'self@cloudhead.net' },
silly testEngine   contributors: [],
silly testEngine   dependencies: { vargs: '>=0.1.0', vows: '>=0.5.4' },
silly testEngine   version: '0.5.5',
silly testEngine   main: './lib/cradle',
silly testEngine   directories: { test: './test' },
silly testEngine   engines: { node: '>=0.3.6' },
silly testEngine   _npmJsonOpts: 
silly testEngine    { file: '/home/fede/node_modules/cradle/package.json',
silly testEngine      wscript: false,
silly testEngine      contributors: false,
silly testEngine      serverjs: false },
silly testEngine   _id: 'cradle@0.5.5',
silly testEngine   devDependencies: {},
silly testEngine   _engineSupported: true,
silly testEngine   _npmVersion: '1.0.23',
silly testEngine   _nodeVersion: 'v0.4.12',
silly testEngine   _defaultsLoaded: true }
verbose caching /home/fede/node_modules/cradle/package.json
verbose loadDefaults cradle@0.5.5
silly testEngine { name: 'vows',
silly testEngine   description: 'Asynchronous BDD & continuous integration for node.js',
silly testEngine   url: 'http://vowsjs.org',
silly testEngine   keywords: [ 'testing', 'spec', 'test', 'BDD' ],
silly testEngine   author: 
silly testEngine    { name: 'Alexis Sellier',
silly testEngine      email: 'self@cloudhead.net' },
silly testEngine   contributors: 
silly testEngine    [ { name: 'Charlie Robbins',
silly testEngine        email: 'charlie.robbins@gmail.com' } ],
silly testEngine   dependencies: { eyes: '>=0.1.6' },
silly testEngine   main: './lib/vows',
silly testEngine   bin: { vows: './bin/vows' },
silly testEngine   directories: { test: './test', bin: './bin' },
silly testEngine   version: '0.5.11',
silly testEngine   engines: { node: '>=0.2.6' },
silly testEngine   _npmJsonOpts: 
silly testEngine    { file: '/home/fede/node_modules/vows/package.json',
silly testEngine      wscript: false,
silly testEngine      contributors: false,
silly testEngine      serverjs: false },
silly testEngine   _id: 'vows@0.5.11',
silly testEngine   devDependencies: {},
silly testEngine   _engineSupported: true,
silly testEngine   _npmVersion: '1.0.23',
silly testEngine   _nodeVersion: 'v0.4.12',
silly testEngine   _defaultsLoaded: true }
verbose caching /home/fede/node_modules/vows/package.json
verbose loadDefaults vows@0.5.11
verbose into /home/fede [ 'jsOAuth' ]
verbose cache add jsOAuth
verbose cache add [ 'jsOAuth', null ]
verbose parsed url { pathname: 'jsOAuth', href: 'jsOAuth' }
info addNamed [ 'jsOAuth', '' ]
verbose addNamed [ null, '' ]
verbose GET jsOAuth
verbose raw, before any munging jsOAuth
verbose url resolving [ 'https://registry.npmjs.org/', './jsOAuth' ]
verbose url resolved https://registry.npmjs.org/jsOAuth
verbose url parsed { protocol: 'https:',
verbose url parsed   slashes: true,
verbose url parsed   host: 'registry.npmjs.org',
verbose url parsed   hostname: 'registry.npmjs.org',
verbose url parsed   href: 'https://registry.npmjs.org/jsOAuth',
verbose url parsed   pathname: '/jsOAuth' }
verbose response https://registry.npmjs.org/jsOAuth
silly chunk {"error":"not_found","reason":"document not found"}
silly chunk 
silly get cb [ 404,
silly get cb   { server: 'CouchDB/1.1.0 (Erlang OTP/R14B03)',
silly get cb     date: 'Tue, 25 Oct 2011 20:10:04 GMT',
silly get cb     'content-type': 'application/json',
silly get cb     'content-length': '52',
silly get cb     'cache-control': 'must-revalidate' } ]
ERR! 404 'jsOAuth' is not in the npm registry.
ERR! 404 You should bug the author to publish it.
ERR! 404 Note that you can also install from a tarball or folder.
ERR! 
ERR! System Linux 2.6.38-11-generic
ERR! command "node" "/usr/bin/npm" "install" "jsOAuth"
ERR! cwd /home/fede/nodejs_projects/twittoloid
ERR! node -v v0.4.12
ERR! npm -v 1.0.23
verbose exit [ 1, true ]
